2020-03-19 01:00:20,376 INFO 40152 [Timer] /Users/tysonpan/Documents/egg-example/node_modules/egg-multipart/app/schedule/clean_tmpdir.js next time will execute after 12579642ms at 2020-03-19 04:30:00.018
2020-03-19 01:00:20,374 INFO 40320 [Job#15845508203536398647174069911] /Users/tysonpan/Documents/egg-example/node_modules/egg-multipart/app/schedule/clean_tmpdir.js executing by app
2020-03-19 01:00:20,408 INFO 40320 [Job#15845508203536398647174069911] /Users/tysonpan/Documents/egg-example/node_modules/egg-multipart/app/schedule/clean_tmpdir.js execute succeed, used 32ms
2020-03-21 18:01:31,424 INFO 51624 [egg-schedule]: register schedule /Users/tysonpan/Documents/egg-example/node_modules/egg-multipart/app/schedule/clean_tmpdir.js
2020-03-21 18:01:31,424 INFO 51624 [egg-schedule]: register schedule /Users/tysonpan/Documents/egg-example/node_modules/egg-logrotator/app/schedule/clean_log.js
2020-03-21 18:01:31,425 INFO 51624 [egg-schedule]: register schedule /Users/tysonpan/Documents/egg-example/node_modules/egg-logrotator/app/schedule/rotate_by_file.js
2020-03-21 18:01:59,119 INFO 51630 [egg-schedule]: register schedule /Users/tysonpan/Documents/egg-example/node_modules/egg-multipart/app/schedule/clean_tmpdir.js
2020-03-21 18:01:59,119 INFO 51630 [egg-schedule]: register schedule /Users/tysonpan/Documents/egg-example/node_modules/egg-logrotator/app/schedule/clean_log.js
2020-03-21 18:01:59,119 INFO 51630 [egg-schedule]: register schedule /Users/tysonpan/Documents/egg-example/node_modules/egg-logrotator/app/schedule/rotate_by_file.js
2020-03-21 18:02:24,223 INFO 51639 [egg-schedule]: register schedule /Users/tysonpan/Documents/egg-example/node_modules/egg-multipart/app/schedule/clean_tmpdir.js
2020-03-21 18:02:24,223 INFO 51639 [egg-schedule]: register schedule /Users/tysonpan/Documents/egg-example/node_modules/egg-logrotator/app/schedule/clean_log.js
2020-03-21 18:02:24,224 INFO 51639 [egg-schedule]: register schedule /Users/tysonpan/Documents/egg-example/node_modules/egg-logrotator/app/schedule/rotate_by_file.js
2020-03-21 18:06:39,594 INFO 51715 [egg-schedule]: register schedule /Users/tysonpan/Documents/egg-example/node_modules/egg-multipart/app/schedule/clean_tmpdir.js
2020-03-21 18:06:39,594 INFO 51715 [egg-schedule]: register schedule /Users/tysonpan/Documents/egg-example/node_modules/egg-logrotator/app/schedule/clean_log.js
2020-03-21 18:06:39,594 INFO 51715 [egg-schedule]: register schedule /Users/tysonpan/Documents/egg-example/node_modules/egg-logrotator/app/schedule/rotate_by_file.js
2020-03-21 18:07:02,489 INFO 51720 [egg-schedule]: register schedule /Users/tysonpan/Documents/egg-example/node_modules/egg-multipart/app/schedule/clean_tmpdir.js
2020-03-21 18:07:02,489 INFO 51720 [egg-schedule]: register schedule /Users/tysonpan/Documents/egg-example/node_modules/egg-logrotator/app/schedule/clean_log.js
2020-03-21 18:07:02,489 INFO 51720 [egg-schedule]: register schedule /Users/tysonpan/Documents/egg-example/node_modules/egg-logrotator/app/schedule/rotate_by_file.js
2020-03-21 18:07:40,405 INFO 51734 [egg-schedule]: register schedule /Users/tysonpan/Documents/egg-example/node_modules/egg-multipart/app/schedule/clean_tmpdir.js
2020-03-21 18:07:40,405 INFO 51734 [egg-schedule]: register schedule /Users/tysonpan/Documents/egg-example/node_modules/egg-logrotator/app/schedule/clean_log.js
2020-03-21 18:07:40,405 INFO 51734 [egg-schedule]: register schedule /Users/tysonpan/Documents/egg-example/node_modules/egg-logrotator/app/schedule/rotate_by_file.js
2020-03-21 18:07:45,548 INFO 51739 [egg-schedule]: register schedule /Users/tysonpan/Documents/egg-example/node_modules/egg-multipart/app/schedule/clean_tmpdir.js
2020-03-21 18:07:45,548 INFO 51739 [egg-schedule]: register schedule /Users/tysonpan/Documents/egg-example/node_modules/egg-logrotator/app/schedule/clean_log.js
2020-03-21 18:07:45,548 INFO 51739 [egg-schedule]: register schedule /Users/tysonpan/Documents/egg-example/node_modules/egg-logrotator/app/schedule/rotate_by_file.js
2020-03-21 18:07:46,215 INFO 51740 [egg-schedule]: register schedule /Users/tysonpan/Documents/egg-example/node_modules/egg-multipart/app/schedule/clean_tmpdir.js
2020-03-21 18:07:46,215 INFO 51740 [egg-schedule]: register schedule /Users/tysonpan/Documents/egg-example/node_modules/egg-logrotator/app/schedule/clean_log.js
2020-03-21 18:07:46,215 INFO 51740 [egg-schedule]: register schedule /Users/tysonpan/Documents/egg-example/node_modules/egg-logrotator/app/schedule/rotate_by_file.js
2020-03-21 18:26:25,277 INFO 40152 [Timer] /Users/tysonpan/Documents/egg-example/node_modules/egg-multipart/app/schedule/clean_tmpdir.js next time will execute after 36214732ms at 2020-03-22 04:30:00.008
2020-03-21 18:26:25,269 INFO 51740 [Job#15847863852686524443885956772] /Users/tysonpan/Documents/egg-example/node_modules/egg-multipart/app/schedule/clean_tmpdir.js executing by app
2020-03-21 18:26:25,280 INFO 51740 [Job#15847863852686524443885956772] /Users/tysonpan/Documents/egg-example/node_modules/egg-multipart/app/schedule/clean_tmpdir.js execute succeed, used 5ms
2020-03-21 18:50:05,566 INFO 52352 [egg-schedule]: register schedule /Users/tysonpan/Documents/egg-example/node_modules/egg-multipart/app/schedule/clean_tmpdir.js
2020-03-21 18:50:05,566 INFO 52352 [egg-schedule]: register schedule /Users/tysonpan/Documents/egg-example/node_modules/egg-logrotator/app/schedule/clean_log.js
2020-03-21 18:50:05,566 INFO 52352 [egg-schedule]: register schedule /Users/tysonpan/Documents/egg-example/node_modules/egg-logrotator/app/schedule/rotate_by_file.js
2020-03-22 00:05:30,096 INFO 1046 [Timer] /Users/tysonpan/Documents/egg-example/node_modules/egg-multipart/app/schedule/clean_tmpdir.js next time will execute after 15869906ms at 2020-03-22 04:30:00.002
2020-03-22 00:05:30,097 INFO 1046 [Timer] /Users/tysonpan/Documents/egg-example/node_modules/egg-logrotator/app/schedule/clean_log.js next time will execute after 86069904ms at 2020-03-23 00:00:00.001
2020-03-22 00:05:30,098 INFO 1046 [Timer] /Users/tysonpan/Documents/egg-example/node_modules/egg-logrotator/app/schedule/rotate_by_file.js next time will execute after 86070903ms at 2020-03-23 00:00:01.001
2020-03-22 00:05:29,984 INFO 1047 [egg-schedule]: register schedule /Users/tysonpan/Documents/egg-example/node_modules/egg-multipart/app/schedule/clean_tmpdir.js
2020-03-22 00:05:29,984 INFO 1047 [egg-schedule]: register schedule /Users/tysonpan/Documents/egg-example/node_modules/egg-logrotator/app/schedule/clean_log.js
2020-03-22 00:05:29,984 INFO 1047 [egg-schedule]: register schedule /Users/tysonpan/Documents/egg-example/node_modules/egg-logrotator/app/schedule/rotate_by_file.js
2020-03-22 00:15:51,014 INFO 1234 [egg-schedule]: register schedule /Users/tysonpan/Documents/egg-example/node_modules/egg-multipart/app/schedule/clean_tmpdir.js
2020-03-22 00:15:51,014 INFO 1234 [egg-schedule]: register schedule /Users/tysonpan/Documents/egg-example/node_modules/egg-logrotator/app/schedule/clean_log.js
2020-03-22 00:15:51,014 INFO 1234 [egg-schedule]: register schedule /Users/tysonpan/Documents/egg-example/node_modules/egg-logrotator/app/schedule/rotate_by_file.js
2020-03-22 00:15:51,795 INFO 1235 [egg-schedule]: register schedule /Users/tysonpan/Documents/egg-example/node_modules/egg-multipart/app/schedule/clean_tmpdir.js
2020-03-22 00:15:51,795 INFO 1235 [egg-schedule]: register schedule /Users/tysonpan/Documents/egg-example/node_modules/egg-logrotator/app/schedule/clean_log.js
2020-03-22 00:15:51,795 INFO 1235 [egg-schedule]: register schedule /Users/tysonpan/Documents/egg-example/node_modules/egg-logrotator/app/schedule/rotate_by_file.js
2020-03-22 00:20:19,661 INFO 1302 [Timer] /Users/tysonpan/Documents/egg-example/node_modules/egg-multipart/app/schedule/clean_tmpdir.js next time will execute after 14980340ms at 2020-03-22 04:30:00.001
2020-03-22 00:20:19,662 INFO 1302 [Timer] /Users/tysonpan/Documents/egg-example/node_modules/egg-logrotator/app/schedule/clean_log.js next time will execute after 85180339ms at 2020-03-23 00:00:00.001
2020-03-22 00:20:19,663 INFO 1302 [Timer] /Users/tysonpan/Documents/egg-example/node_modules/egg-logrotator/app/schedule/rotate_by_file.js next time will execute after 85181338ms at 2020-03-23 00:00:01.001
2020-03-22 00:20:19,600 INFO 1303 [egg-schedule]: register schedule /Users/tysonpan/Documents/egg-example/node_modules/egg-multipart/app/schedule/clean_tmpdir.js
2020-03-22 00:20:19,600 INFO 1303 [egg-schedule]: register schedule /Users/tysonpan/Documents/egg-example/node_modules/egg-logrotator/app/schedule/clean_log.js
2020-03-22 00:20:19,600 INFO 1303 [egg-schedule]: register schedule /Users/tysonpan/Documents/egg-example/node_modules/egg-logrotator/app/schedule/rotate_by_file.js
2020-03-22 00:21:08,724 INFO 1309 [egg-schedule]: register schedule /Users/tysonpan/Documents/egg-example/node_modules/egg-multipart/app/schedule/clean_tmpdir.js
2020-03-22 00:21:08,724 INFO 1309 [egg-schedule]: register schedule /Users/tysonpan/Documents/egg-example/node_modules/egg-logrotator/app/schedule/clean_log.js
2020-03-22 00:21:08,724 INFO 1309 [egg-schedule]: register schedule /Users/tysonpan/Documents/egg-example/node_modules/egg-logrotator/app/schedule/rotate_by_file.js
2020-03-22 00:21:09,342 INFO 1310 [egg-schedule]: register schedule /Users/tysonpan/Documents/egg-example/node_modules/egg-multipart/app/schedule/clean_tmpdir.js
2020-03-22 00:21:09,342 INFO 1310 [egg-schedule]: register schedule /Users/tysonpan/Documents/egg-example/node_modules/egg-logrotator/app/schedule/clean_log.js
2020-03-22 00:21:09,342 INFO 1310 [egg-schedule]: register schedule /Users/tysonpan/Documents/egg-example/node_modules/egg-logrotator/app/schedule/rotate_by_file.js
2020-03-22 00:21:28,796 INFO 1313 [egg-schedule]: register schedule /Users/tysonpan/Documents/egg-example/node_modules/egg-multipart/app/schedule/clean_tmpdir.js
2020-03-22 00:21:28,796 INFO 1313 [egg-schedule]: register schedule /Users/tysonpan/Documents/egg-example/node_modules/egg-logrotator/app/schedule/clean_log.js
2020-03-22 00:21:28,796 INFO 1313 [egg-schedule]: register schedule /Users/tysonpan/Documents/egg-example/node_modules/egg-logrotator/app/schedule/rotate_by_file.js
2020-03-22 00:21:43,511 INFO 1317 [egg-schedule]: register schedule /Users/tysonpan/Documents/egg-example/node_modules/egg-multipart/app/schedule/clean_tmpdir.js
2020-03-22 00:21:43,511 INFO 1317 [egg-schedule]: register schedule /Users/tysonpan/Documents/egg-example/node_modules/egg-logrotator/app/schedule/clean_log.js
2020-03-22 00:21:43,511 INFO 1317 [egg-schedule]: register schedule /Users/tysonpan/Documents/egg-example/node_modules/egg-logrotator/app/schedule/rotate_by_file.js
2020-03-22 00:22:21,234 INFO 1322 [egg-schedule]: register schedule /Users/tysonpan/Documents/egg-example/node_modules/egg-multipart/app/schedule/clean_tmpdir.js
2020-03-22 00:22:21,234 INFO 1322 [egg-schedule]: register schedule /Users/tysonpan/Documents/egg-example/node_modules/egg-logrotator/app/schedule/clean_log.js
2020-03-22 00:22:21,234 INFO 1322 [egg-schedule]: register schedule /Users/tysonpan/Documents/egg-example/node_modules/egg-logrotator/app/schedule/rotate_by_file.js
2020-03-22 00:22:46,824 INFO 1325 [egg-schedule]: register schedule /Users/tysonpan/Documents/egg-example/node_modules/egg-multipart/app/schedule/clean_tmpdir.js
2020-03-22 00:22:46,824 INFO 1325 [egg-schedule]: register schedule /Users/tysonpan/Documents/egg-example/node_modules/egg-logrotator/app/schedule/clean_log.js
2020-03-22 00:22:46,824 INFO 1325 [egg-schedule]: register schedule /Users/tysonpan/Documents/egg-example/node_modules/egg-logrotator/app/schedule/rotate_by_file.js
2020-03-22 00:25:16,942 INFO 1342 [egg-schedule]: register schedule /Users/tysonpan/Documents/egg-example/node_modules/egg-multipart/app/schedule/clean_tmpdir.js
2020-03-22 00:25:16,942 INFO 1342 [egg-schedule]: register schedule /Users/tysonpan/Documents/egg-example/node_modules/egg-logrotator/app/schedule/clean_log.js
2020-03-22 00:25:16,942 INFO 1342 [egg-schedule]: register schedule /Users/tysonpan/Documents/egg-example/node_modules/egg-logrotator/app/schedule/rotate_by_file.js
2020-03-22 00:25:40,689 INFO 1347 [egg-schedule]: register schedule /Users/tysonpan/Documents/egg-example/node_modules/egg-multipart/app/schedule/clean_tmpdir.js
2020-03-22 00:25:40,689 INFO 1347 [egg-schedule]: register schedule /Users/tysonpan/Documents/egg-example/node_modules/egg-logrotator/app/schedule/clean_log.js
2020-03-22 00:25:40,689 INFO 1347 [egg-schedule]: register schedule /Users/tysonpan/Documents/egg-example/node_modules/egg-logrotator/app/schedule/rotate_by_file.js
2020-03-22 00:27:59,208 INFO 1362 [egg-schedule]: register schedule /Users/tysonpan/Documents/egg-example/node_modules/egg-multipart/app/schedule/clean_tmpdir.js
2020-03-22 00:27:59,208 INFO 1362 [egg-schedule]: register schedule /Users/tysonpan/Documents/egg-example/node_modules/egg-logrotator/app/schedule/clean_log.js
2020-03-22 00:27:59,208 INFO 1362 [egg-schedule]: register schedule /Users/tysonpan/Documents/egg-example/node_modules/egg-logrotator/app/schedule/rotate_by_file.js
2020-03-22 00:28:10,416 INFO 1365 [egg-schedule]: register schedule /Users/tysonpan/Documents/egg-example/node_modules/egg-multipart/app/schedule/clean_tmpdir.js
2020-03-22 00:28:10,416 INFO 1365 [egg-schedule]: register schedule /Users/tysonpan/Documents/egg-example/node_modules/egg-logrotator/app/schedule/clean_log.js
2020-03-22 00:28:10,416 INFO 1365 [egg-schedule]: register schedule /Users/tysonpan/Documents/egg-example/node_modules/egg-logrotator/app/schedule/rotate_by_file.js
2020-03-22 00:31:43,669 INFO 1405 [egg-schedule]: register schedule /Users/tysonpan/Documents/egg-example/node_modules/egg-multipart/app/schedule/clean_tmpdir.js
2020-03-22 00:31:43,669 INFO 1405 [egg-schedule]: register schedule /Users/tysonpan/Documents/egg-example/node_modules/egg-logrotator/app/schedule/clean_log.js
2020-03-22 00:31:43,669 INFO 1405 [egg-schedule]: register schedule /Users/tysonpan/Documents/egg-example/node_modules/egg-logrotator/app/schedule/rotate_by_file.js
2020-03-22 00:31:45,482 INFO 1406 [egg-schedule]: register schedule /Users/tysonpan/Documents/egg-example/node_modules/egg-multipart/app/schedule/clean_tmpdir.js
2020-03-22 00:31:45,482 INFO 1406 [egg-schedule]: register schedule /Users/tysonpan/Documents/egg-example/node_modules/egg-logrotator/app/schedule/clean_log.js
2020-03-22 00:31:45,482 INFO 1406 [egg-schedule]: register schedule /Users/tysonpan/Documents/egg-example/node_modules/egg-logrotator/app/schedule/rotate_by_file.js
2020-03-22 00:38:49,612 INFO 1474 [egg-schedule]: register schedule /Users/tysonpan/Documents/egg-example/node_modules/egg-multipart/app/schedule/clean_tmpdir.js
2020-03-22 00:38:49,612 INFO 1474 [egg-schedule]: register schedule /Users/tysonpan/Documents/egg-example/node_modules/egg-logrotator/app/schedule/clean_log.js
2020-03-22 00:38:49,612 INFO 1474 [egg-schedule]: register schedule /Users/tysonpan/Documents/egg-example/node_modules/egg-logrotator/app/schedule/rotate_by_file.js
2020-03-22 00:45:20,217 INFO 1531 [egg-schedule]: register schedule /Users/tysonpan/Documents/egg-example/node_modules/egg-multipart/app/schedule/clean_tmpdir.js
2020-03-22 00:45:20,217 INFO 1531 [egg-schedule]: register schedule /Users/tysonpan/Documents/egg-example/node_modules/egg-logrotator/app/schedule/clean_log.js
2020-03-22 00:45:20,217 INFO 1531 [egg-schedule]: register schedule /Users/tysonpan/Documents/egg-example/node_modules/egg-logrotator/app/schedule/rotate_by_file.js
2020-03-22 00:45:53,902 INFO 1536 [egg-schedule]: register schedule /Users/tysonpan/Documents/egg-example/node_modules/egg-multipart/app/schedule/clean_tmpdir.js
2020-03-22 00:45:53,902 INFO 1536 [egg-schedule]: register schedule /Users/tysonpan/Documents/egg-example/node_modules/egg-logrotator/app/schedule/clean_log.js
2020-03-22 00:45:53,902 INFO 1536 [egg-schedule]: register schedule /Users/tysonpan/Documents/egg-example/node_modules/egg-logrotator/app/schedule/rotate_by_file.js
2020-03-22 00:46:16,048 INFO 1540 [egg-schedule]: register schedule /Users/tysonpan/Documents/egg-example/node_modules/egg-multipart/app/schedule/clean_tmpdir.js
2020-03-22 00:46:16,048 INFO 1540 [egg-schedule]: register schedule /Users/tysonpan/Documents/egg-example/node_modules/egg-logrotator/app/schedule/clean_log.js
2020-03-22 00:46:16,048 INFO 1540 [egg-schedule]: register schedule /Users/tysonpan/Documents/egg-example/node_modules/egg-logrotator/app/schedule/rotate_by_file.js
2020-03-22 00:46:15,404 INFO 1539 [egg-schedule]: register schedule /Users/tysonpan/Documents/egg-example/node_modules/egg-multipart/app/schedule/clean_tmpdir.js
2020-03-22 00:46:15,404 INFO 1539 [egg-schedule]: register schedule /Users/tysonpan/Documents/egg-example/node_modules/egg-logrotator/app/schedule/clean_log.js
2020-03-22 00:46:15,404 INFO 1539 [egg-schedule]: register schedule /Users/tysonpan/Documents/egg-example/node_modules/egg-logrotator/app/schedule/rotate_by_file.js
2020-03-22 00:46:16,082 INFO 1541 [egg-schedule]: register schedule /Users/tysonpan/Documents/egg-example/node_modules/egg-multipart/app/schedule/clean_tmpdir.js
2020-03-22 00:46:16,082 INFO 1541 [egg-schedule]: register schedule /Users/tysonpan/Documents/egg-example/node_modules/egg-logrotator/app/schedule/clean_log.js
2020-03-22 00:46:16,082 INFO 1541 [egg-schedule]: register schedule /Users/tysonpan/Documents/egg-example/node_modules/egg-logrotator/app/schedule/rotate_by_file.js
2020-03-22 00:46:16,664 INFO 1542 [egg-schedule]: register schedule /Users/tysonpan/Documents/egg-example/node_modules/egg-multipart/app/schedule/clean_tmpdir.js
2020-03-22 00:46:16,665 INFO 1542 [egg-schedule]: register schedule /Users/tysonpan/Documents/egg-example/node_modules/egg-logrotator/app/schedule/clean_log.js
2020-03-22 00:46:16,665 INFO 1542 [egg-schedule]: register schedule /Users/tysonpan/Documents/egg-example/node_modules/egg-logrotator/app/schedule/rotate_by_file.js
2020-03-22 00:51:14,663 INFO 1584 [egg-schedule]: register schedule /Users/tysonpan/Documents/egg-example/node_modules/egg-multipart/app/schedule/clean_tmpdir.js
2020-03-22 00:51:14,663 INFO 1584 [egg-schedule]: register schedule /Users/tysonpan/Documents/egg-example/node_modules/egg-logrotator/app/schedule/clean_log.js
2020-03-22 00:51:14,663 INFO 1584 [egg-schedule]: register schedule /Users/tysonpan/Documents/egg-example/node_modules/egg-logrotator/app/schedule/rotate_by_file.js
2020-03-22 00:51:15,777 INFO 1585 [egg-schedule]: register schedule /Users/tysonpan/Documents/egg-example/node_modules/egg-multipart/app/schedule/clean_tmpdir.js
2020-03-22 00:51:15,777 INFO 1585 [egg-schedule]: register schedule /Users/tysonpan/Documents/egg-example/node_modules/egg-logrotator/app/schedule/clean_log.js
2020-03-22 00:51:15,777 INFO 1585 [egg-schedule]: register schedule /Users/tysonpan/Documents/egg-example/node_modules/egg-logrotator/app/schedule/rotate_by_file.js
2020-03-22 00:51:17,211 INFO 1586 [egg-schedule]: register schedule /Users/tysonpan/Documents/egg-example/node_modules/egg-multipart/app/schedule/clean_tmpdir.js
2020-03-22 00:51:17,211 INFO 1586 [egg-schedule]: register schedule /Users/tysonpan/Documents/egg-example/node_modules/egg-logrotator/app/schedule/clean_log.js
2020-03-22 00:51:17,211 INFO 1586 [egg-schedule]: register schedule /Users/tysonpan/Documents/egg-example/node_modules/egg-logrotator/app/schedule/rotate_by_file.js
2020-03-22 00:52:47,898 INFO 1598 [egg-schedule]: register schedule /Users/tysonpan/Documents/egg-example/node_modules/egg-multipart/app/schedule/clean_tmpdir.js
2020-03-22 00:52:47,898 INFO 1598 [egg-schedule]: register schedule /Users/tysonpan/Documents/egg-example/node_modules/egg-logrotator/app/schedule/clean_log.js
2020-03-22 00:52:47,898 INFO 1598 [egg-schedule]: register schedule /Users/tysonpan/Documents/egg-example/node_modules/egg-logrotator/app/schedule/rotate_by_file.js
2020-03-22 00:55:01,750 INFO 1613 [egg-schedule]: register schedule /Users/tysonpan/Documents/egg-example/node_modules/egg-multipart/app/schedule/clean_tmpdir.js
2020-03-22 00:55:01,750 INFO 1613 [egg-schedule]: register schedule /Users/tysonpan/Documents/egg-example/node_modules/egg-logrotator/app/schedule/clean_log.js
2020-03-22 00:55:01,750 INFO 1613 [egg-schedule]: register schedule /Users/tysonpan/Documents/egg-example/node_modules/egg-logrotator/app/schedule/rotate_by_file.js
2020-03-22 00:59:17,494 INFO 1650 [egg-schedule]: register schedule /Users/tysonpan/Documents/egg-example/node_modules/egg-multipart/app/schedule/clean_tmpdir.js
2020-03-22 00:59:17,494 INFO 1650 [egg-schedule]: register schedule /Users/tysonpan/Documents/egg-example/node_modules/egg-logrotator/app/schedule/clean_log.js
2020-03-22 00:59:17,494 INFO 1650 [egg-schedule]: register schedule /Users/tysonpan/Documents/egg-example/node_modules/egg-logrotator/app/schedule/rotate_by_file.js
2020-03-22 01:00:00,898 INFO 1656 [egg-schedule]: register schedule /Users/tysonpan/Documents/egg-example/node_modules/egg-multipart/app/schedule/clean_tmpdir.js
2020-03-22 01:00:00,898 INFO 1656 [egg-schedule]: register schedule /Users/tysonpan/Documents/egg-example/node_modules/egg-logrotator/app/schedule/clean_log.js
2020-03-22 01:00:00,898 INFO 1656 [egg-schedule]: register schedule /Users/tysonpan/Documents/egg-example/node_modules/egg-logrotator/app/schedule/rotate_by_file.js
2020-03-22 01:00:21,455 INFO 1660 [egg-schedule]: register schedule /Users/tysonpan/Documents/egg-example/node_modules/egg-multipart/app/schedule/clean_tmpdir.js
2020-03-22 01:00:21,455 INFO 1660 [egg-schedule]: register schedule /Users/tysonpan/Documents/egg-example/node_modules/egg-logrotator/app/schedule/clean_log.js
2020-03-22 01:00:21,455 INFO 1660 [egg-schedule]: register schedule /Users/tysonpan/Documents/egg-example/node_modules/egg-logrotator/app/schedule/rotate_by_file.js
2020-03-22 01:00:49,960 INFO 1664 [egg-schedule]: register schedule /Users/tysonpan/Documents/egg-example/node_modules/egg-multipart/app/schedule/clean_tmpdir.js
2020-03-22 01:00:49,961 INFO 1664 [egg-schedule]: register schedule /Users/tysonpan/Documents/egg-example/node_modules/egg-logrotator/app/schedule/clean_log.js
2020-03-22 01:00:49,961 INFO 1664 [egg-schedule]: register schedule /Users/tysonpan/Documents/egg-example/node_modules/egg-logrotator/app/schedule/rotate_by_file.js
2020-03-22 01:01:00,994 INFO 1667 [egg-schedule]: register schedule /Users/tysonpan/Documents/egg-example/node_modules/egg-multipart/app/schedule/clean_tmpdir.js
2020-03-22 01:01:00,994 INFO 1667 [egg-schedule]: register schedule /Users/tysonpan/Documents/egg-example/node_modules/egg-logrotator/app/schedule/clean_log.js
2020-03-22 01:01:00,994 INFO 1667 [egg-schedule]: register schedule /Users/tysonpan/Documents/egg-example/node_modules/egg-logrotator/app/schedule/rotate_by_file.js
2020-03-22 01:05:36,382 INFO 1702 [egg-schedule]: register schedule /Users/tysonpan/Documents/egg-example/node_modules/egg-multipart/app/schedule/clean_tmpdir.js
2020-03-22 01:05:36,382 INFO 1702 [egg-schedule]: register schedule /Users/tysonpan/Documents/egg-example/node_modules/egg-logrotator/app/schedule/clean_log.js
2020-03-22 01:05:36,382 INFO 1702 [egg-schedule]: register schedule /Users/tysonpan/Documents/egg-example/node_modules/egg-logrotator/app/schedule/rotate_by_file.js
2020-03-22 01:08:30,058 INFO 1723 [egg-schedule]: register schedule /Users/tysonpan/Documents/egg-example/node_modules/egg-multipart/app/schedule/clean_tmpdir.js
2020-03-22 01:08:30,058 INFO 1723 [egg-schedule]: register schedule /Users/tysonpan/Documents/egg-example/node_modules/egg-logrotator/app/schedule/clean_log.js
2020-03-22 01:08:30,058 INFO 1723 [egg-schedule]: register schedule /Users/tysonpan/Documents/egg-example/node_modules/egg-logrotator/app/schedule/rotate_by_file.js
2020-03-22 01:08:30,670 INFO 1725 [egg-schedule]: register schedule /Users/tysonpan/Documents/egg-example/node_modules/egg-multipart/app/schedule/clean_tmpdir.js
2020-03-22 01:08:30,670 INFO 1725 [egg-schedule]: register schedule /Users/tysonpan/Documents/egg-example/node_modules/egg-logrotator/app/schedule/clean_log.js
2020-03-22 01:08:30,670 INFO 1725 [egg-schedule]: register schedule /Users/tysonpan/Documents/egg-example/node_modules/egg-logrotator/app/schedule/rotate_by_file.js
2020-03-22 01:11:30,796 INFO 1755 [egg-schedule]: register schedule /Users/tysonpan/Documents/egg-example/node_modules/egg-multipart/app/schedule/clean_tmpdir.js
2020-03-22 01:11:30,796 INFO 1755 [egg-schedule]: register schedule /Users/tysonpan/Documents/egg-example/node_modules/egg-logrotator/app/schedule/clean_log.js
2020-03-22 01:11:30,796 INFO 1755 [egg-schedule]: register schedule /Users/tysonpan/Documents/egg-example/node_modules/egg-logrotator/app/schedule/rotate_by_file.js
2020-03-22 01:12:29,950 INFO 1781 [egg-schedule]: register schedule /Users/tysonpan/Documents/egg-example/node_modules/egg-multipart/app/schedule/clean_tmpdir.js
2020-03-22 01:12:29,950 INFO 1781 [egg-schedule]: register schedule /Users/tysonpan/Documents/egg-example/node_modules/egg-logrotator/app/schedule/clean_log.js
2020-03-22 01:12:29,950 INFO 1781 [egg-schedule]: register schedule /Users/tysonpan/Documents/egg-example/node_modules/egg-logrotator/app/schedule/rotate_by_file.js
2020-03-22 01:13:13,022 INFO 1787 [egg-schedule]: register schedule /Users/tysonpan/Documents/egg-example/node_modules/egg-multipart/app/schedule/clean_tmpdir.js
2020-03-22 01:13:13,022 INFO 1787 [egg-schedule]: register schedule /Users/tysonpan/Documents/egg-example/node_modules/egg-logrotator/app/schedule/clean_log.js
2020-03-22 01:13:13,022 INFO 1787 [egg-schedule]: register schedule /Users/tysonpan/Documents/egg-example/node_modules/egg-logrotator/app/schedule/rotate_by_file.js
2020-03-22 01:13:19,257 INFO 1788 [egg-schedule]: register schedule /Users/tysonpan/Documents/egg-example/node_modules/egg-multipart/app/schedule/clean_tmpdir.js
2020-03-22 01:13:19,257 INFO 1788 [egg-schedule]: register schedule /Users/tysonpan/Documents/egg-example/node_modules/egg-logrotator/app/schedule/clean_log.js
2020-03-22 01:13:19,257 INFO 1788 [egg-schedule]: register schedule /Users/tysonpan/Documents/egg-example/node_modules/egg-logrotator/app/schedule/rotate_by_file.js
